Start testing: May 18 21:36 FLE Daylight Time
----------------------------------------------------------
1/3 Testing: CompareTest.SameSurnameDifferentFirstName
1/3 Test: CompareTest.SameSurnameDifferentFirstName
Command: "C:/Users/juoza/cpp projects/UNI2/build/Debug/hello_test.exe" "--gtest_filter=CompareTest.SameSurnameDifferentFirstName" "--gtest_also_run_disabled_tests"
Directory: C:/Users/juoza/cpp projects/UNI2/build
"CompareTest.SameSurnameDifferentFirstName" start time: May 18 21:36 FLE Daylight Time
Output:
----------------------------------------------------------
Note: Google Test filter = CompareTest.SameSurnameDifferentFirstName
[==========] Running 1 test from 1 test suite.
[----------] Global test environment set-up.
[----------] 1 test from CompareTest
[ RUN      ] CompareTest.SameSurnameDifferentFirstName
[       OK ] CompareTest.SameSurnameDifferentFirstName (0 ms)
[----------] 1 test from CompareTest (0 ms total)

[----------] Global test environment tear-down
[==========] 1 test from 1 test suite ran. (0 ms total)
[  PASSED  ] 1 test.
<end of output>
Test time =   0.01 sec
----------------------------------------------------------
Test Passed.
"CompareTest.SameSurnameDifferentFirstName" end time: May 18 21:36 FLE Daylight Time
"CompareTest.SameSurnameDifferentFirstName" time elapsed: 00:00:00
----------------------------------------------------------

2/3 Testing: HelloTest.BasicAssertions
2/3 Test: HelloTest.BasicAssertions
Command: "C:/Users/juoza/cpp projects/UNI2/build/Debug/hello_test.exe" "--gtest_filter=HelloTest.BasicAssertions" "--gtest_also_run_disabled_tests"
Directory: C:/Users/juoza/cpp projects/UNI2/build
"HelloTest.BasicAssertions" start time: May 18 21:36 FLE Daylight Time
Output:
----------------------------------------------------------
Note: Google Test filter = HelloTest.BasicAssertions
[==========] Running 1 test from 1 test suite.
[----------] Global test environment set-up.
[----------] 1 test from HelloTest
[ RUN      ] HelloTest.BasicAssertions
[       OK ] HelloTest.BasicAssertions (0 ms)
[----------] 1 test from HelloTest (0 ms total)

[----------] Global test environment tear-down
[==========] 1 test from 1 test suite ran. (0 ms total)
[  PASSED  ] 1 test.
<end of output>
Test time =   0.01 sec
----------------------------------------------------------
Test Passed.
"HelloTest.BasicAssertions" end time: May 18 21:36 FLE Daylight Time
"HelloTest.BasicAssertions" time elapsed: 00:00:00
----------------------------------------------------------

3/3 Testing: CountVidTest.AverageCalculation
3/3 Test: CountVidTest.AverageCalculation
Command: "C:/Users/juoza/cpp projects/UNI2/build/Debug/hello_test.exe" "--gtest_filter=CountVidTest.AverageCalculation" "--gtest_also_run_disabled_tests"
Directory: C:/Users/juoza/cpp projects/UNI2/build
"CountVidTest.AverageCalculation" start time: May 18 21:36 FLE Daylight Time
Output:
----------------------------------------------------------
Note: Google Test filter = CountVidTest.AverageCalculation
[==========] Running 1 test from 1 test suite.
[----------] Global test environment set-up.
[----------] 1 test from CountVidTest
[ RUN      ] CountVidTest.AverageCalculation
[       OK ] CountVidTest.AverageCalculation (0 ms)
[----------] 1 test from CountVidTest (0 ms total)

[----------] Global test environment tear-down
[==========] 1 test from 1 test suite ran. (0 ms total)
[  PASSED  ] 1 test.
<end of output>
Test time =   0.01 sec
----------------------------------------------------------
Test Passed.
"CountVidTest.AverageCalculation" end time: May 18 21:36 FLE Daylight Time
"CountVidTest.AverageCalculation" time elapsed: 00:00:00
----------------------------------------------------------

End testing: May 18 21:36 FLE Daylight Time
